[2020-10-22 06:25:31] local.ERROR: Too few arguments to function Illuminate\Support\Collection::get(), 0 passed in D:\Interview\swiv\laravel-react-authentication-master\laravel-react-authentication-master\app\Http\Controllers\SearchController.php on line 25 and at least 1 expected {"exception":"[object] (Symfony\\Component\\Debug\\Exception\\FatalThrowableError(code: 0): Too few arguments to function Illuminate\\Support\\Collection::get(), 0 passed in D:\\Interview\\swiv\\laravel-react-authentication-master\\laravel-react-authentication-master\\app\\Http\\Controllers\\SearchController.php on line 25 and at least 1 expected at D:\\Interview\\swiv\\laravel-react-authentication-master\\laravel-react-authentication-master\\vendor\\laravel\\framework\\src\\Illuminate\\Support\\Collection.php:874)
[stacktrace]
#0 D:\\Interview\\swiv\\laravel-react-authentication-master\\laravel-react-authentication-master\\app\\Http\\Controllers\\SearchController.php(25): Illuminate\\Support\\Collection->get()
#1 [internal function]: App\\Http\\Controllers\\SearchController->searchUsers(Object(Illuminate\\Http\\Request))
#2 D:\\Interview\\swiv\\laravel-react-authentication-master\\laravel-react-authentication-master\\vendor\\laravel\\framework\\src\\Illuminate\\Routing\\Controller.php(54): call_user_func_array(Array, Array)
#3 D:\\Interview\\swiv\\laravel-react-authentication-master\\laravel-react-authentication-master\\vendor\\laravel\\framework\\src\\Illuminate\\Routing\\ControllerDispatcher.php(45): Illuminate\\Routing\\Controller->callAction('searchUsers', Array)
#4 D:\\Interview\\swiv\\laravel-react-authentication-master\\laravel-react-authentication-master\\vendor\\laravel\\framework\\src\\Illuminate\\Routing\\Route.php(219): Illuminate\\Routing\\ControllerDispatcher->dispatch(Object(Illuminate\\Routing\\Route), Object(App\\Http\\Controllers\\SearchController), 'searchUsers')
#5 D:\\Interview\\swiv\\laravel-react-authentication-master\\laravel-react-authentication-master\\vendor\\laravel\\framework\\src\\Illuminate\\Routing\\Route.php(176): Illuminate\\Routing\\Route->runController()
#6 D:\\Interview\\swiv\\laravel-react-authentication-master\\laravel-react-authentication-master\\vendor\\laravel\\framework\\src\\Illuminate\\Routing\\Router.php(680): Illuminate\\Routing\\Route->run()
#7 D:\\Interview\\swiv\\laravel-react-authentication-master\\laravel-react-authentication-master\\vendor\\laravel\\framework\\src\\Illuminate\\Routing\\Pipeline.php(30): Illuminate\\Routing\\Router->Illuminate\\Routing\\{closure}(Object(Illuminate\\Http\\Request))
#8 D:\\Interview\\swiv\\laravel-react-authentication-master\\laravel-react-authentication-master\\vendor\\laravel\\framework\\src\\Illuminate\\Routing\\Middleware\\SubstituteBindings.php(41): Illuminate\\Routing\\Pipeline->Illuminate\\Routing\\{closure}(Object(Illuminate\\Http\\Request))
#9 D:\\Interview\\swiv\\laravel-react-authentication-master\\laravel-react-authentication-master\\vendor\\laravel\\framework\\src\\Illuminate\\Pipeline\\Pipeline.php(163): Illuminate\\Routing\\Middleware\\SubstituteBindings->handle(Object(Illuminate\\Http\\Request), Object(Closure))
#10 D:\\Interview\\swiv\\laravel-react-authentication-master\\laravel-react-authentication-master\\vendor\\laravel\\framework\\src\\Illuminate\\Routing\\Pipeline.php(53): Illuminate\\Pipeline\\Pipeline->Illuminate\\Pipeline\\{closure}(Object(Illuminate\\Http\\Request))
#11 D:\\Interview\\swiv\\laravel-react-authentication-master\\laravel-react-authentication-master\\vendor\\laravel\\framework\\src\\Illuminate\\Routing\\Middleware\\ThrottleRequests.php(58): Illuminate\\Routing\\Pipeline->Illuminate\\Routing\\{closure}(Object(Illuminate\\Http\\Request))
#12 D:\\Interview\\swiv\\laravel-react-authentication-master\\laravel-react-authentication-master\\vendor\\laravel\\framework\\src\\Illuminate\\Pipeline\\Pipeline.php(163): Illuminate\\Routing\\Middleware\\ThrottleRequests->handle(Object(Illuminate\\Http\\Request), Object(Closure), 60, '1')
#13 D:\\Interview\\swiv\\laravel-react-authentication-master\\laravel-react-authentication-master\\vendor\\laravel\\framework\\src\\Illuminate\\Routing\\Pipeline.php(53): Illuminate\\Pipeline\\Pipeline->Illuminate\\Pipeline\\{closure}(Object(Illuminate\\Http\\Request))
#14 D:\\Interview\\swiv\\laravel-react-authentication-master\\laravel-react-authentication-master\\vendor\\laravel\\framework\\src\\Illuminate\\Pipeline\\Pipeline.php(104): Illuminate\\Routing\\Pipeline->Illuminate\\Routing\\{closure}(Object(Illuminate\\Http\\Request))
#15 D:\\Interview\\swiv\\laravel-react-authentication-master\\laravel-react-authentication-master\\vendor\\laravel\\framework\\src\\Illuminate\\Routing\\Router.php(682): Illuminate\\Pipeline\\Pipeline->then(Object(Closure))
#16 D:\\Interview\\swiv\\laravel-react-authentication-master\\laravel-react-authentication-master\\vendor\\laravel\\framework\\src\\Illuminate\\Routing\\Router.php(657): Illuminate\\Routing\\Router->runRouteWithinStack(Object(Illuminate\\Routing\\Route), Object(Illuminate\\Http\\Request))
#17 D:\\Interview\\swiv\\laravel-react-authentication-master\\laravel-react-authentication-master\\vendor\\laravel\\framework\\src\\Illuminate\\Routing\\Router.php(623): Illuminate\\Routing\\Router->runRoute(Object(Illuminate\\Http\\Request), Object(Illuminate\\Routing\\Route))
#18 D:\\Interview\\swiv\\laravel-react-authentication-master\\laravel-react-authentication-master\\vendor\\laravel\\framework\\src\\Illuminate\\Routing\\Router.php(612): Illuminate\\Routing\\Router->dispatchToRoute(Object(Illuminate\\Http\\Request))
#19 D:\\Interview\\swiv\\laravel-react-authentication-master\\laravel-react-authentication-master\\vendor\\laravel\\framework\\src\\Illuminate\\Foundation\\Http\\Kernel.php(176): Illuminate\\Routing\\Router->dispatch(Object(Illuminate\\Http\\Request))
#20 D:\\Interview\\swiv\\laravel-react-authentication-master\\laravel-react-authentication-master\\vendor\\laravel\\framework\\src\\Illuminate\\Routing\\Pipeline.php(30): Illuminate\\Foundation\\Http\\Kernel->Illuminate\\Foundation\\Http\\{closure}(Object(Illuminate\\Http\\Request))
#21 D:\\Interview\\swiv\\laravel-react-authentication-master\\laravel-react-authentication-master\\vendor\\laravel\\framework\\src\\Illuminate\\Foundation\\Http\\Middleware\\TransformsRequest.php(21): Illuminate\\Routing\\Pipeline->Illuminate\\Routing\\{closure}(Object(Illuminate\\Http\\Request))
#22 D:\\Interview\\swiv\\laravel-react-authentication-master\\laravel-react-authentication-master\\vendor\\laravel\\framework\\src\\Illuminate\\Pipeline\\Pipeline.php(163): Illuminate\\Foundation\\Http\\Middleware\\TransformsRequest->handle(Object(Illuminate\\Http\\Request), Object(Closure))
#23 D:\\Interview\\swiv\\laravel-react-authentication-master\\laravel-react-authentication-master\\vendor\\laravel\\framework\\src\\Illuminate\\Routing\\Pipeline.php(53): Illuminate\\Pipeline\\Pipeline->Illuminate\\Pipeline\\{closure}(Object(Illuminate\\Http\\Request))
#24 D:\\Interview\\swiv\\laravel-react-authentication-master\\laravel-react-authentication-master\\vendor\\laravel\\framework\\src\\Illuminate\\Foundation\\Http\\Middleware\\TransformsRequest.php(21): Illuminate\\Routing\\Pipeline->Illuminate\\Routing\\{closure}(Object(Illuminate\\Http\\Request))
#25 D:\\Interview\\swiv\\laravel-react-authentication-master\\laravel-react-authentication-master\\vendor\\laravel\\framework\\src\\Illuminate\\Pipeline\\Pipeline.php(163): Illuminate\\Foundation\\Http\\Middleware\\TransformsRequest->handle(Object(Illuminate\\Http\\Request), Object(Closure))
#26 D:\\Interview\\swiv\\laravel-react-authentication-master\\laravel-react-authentication-master\\vendor\\laravel\\framework\\src\\Illuminate\\Routing\\Pipeline.php(53): Illuminate\\Pipeline\\Pipeline->Illuminate\\Pipeline\\{closure}(Object(Illuminate\\Http\\Request))
#27 D:\\Interview\\swiv\\laravel-react-authentication-master\\laravel-react-authentication-master\\vendor\\laravel\\framework\\src\\Illuminate\\Foundation\\Http\\Middleware\\ValidatePostSize.php(27): Illuminate\\Routing\\Pipeline->Illuminate\\Routing\\{closure}(Object(Illuminate\\Http\\Request))
#28 D:\\Interview\\swiv\\laravel-react-authentication-master\\laravel-react-authentication-master\\vendor\\laravel\\framework\\src\\Illuminate\\Pipeline\\Pipeline.php(163): Illuminate\\Foundation\\Http\\Middleware\\ValidatePostSize->handle(Object(Illuminate\\Http\\Request), Object(Closure))
#29 D:\\Interview\\swiv\\laravel-react-authentication-master\\laravel-react-authentication-master\\vendor\\laravel\\framework\\src\\Illuminate\\Routing\\Pipeline.php(53): Illuminate\\Pipeline\\Pipeline->Illuminate\\Pipeline\\{closure}(Object(Illuminate\\Http\\Request))
#30 D:\\Interview\\swiv\\laravel-react-authentication-master\\laravel-react-authentication-master\\vendor\\laravel\\framework\\src\\Illuminate\\Foundation\\Http\\Middleware\\CheckForMaintenanceMode.php(62): Illuminate\\Routing\\Pipeline->Illuminate\\Routing\\{closure}(Object(Illuminate\\Http\\Request))
#31 D:\\Interview\\swiv\\laravel-react-authentication-master\\laravel-react-authentication-master\\vendor\\laravel\\framework\\src\\Illuminate\\Pipeline\\Pipeline.php(163): Illuminate\\Foundation\\Http\\Middleware\\CheckForMaintenanceMode->handle(Object(Illuminate\\Http\\Request), Object(Closure))
#32 D:\\Interview\\swiv\\laravel-react-authentication-master\\laravel-react-authentication-master\\vendor\\laravel\\framework\\src\\Illuminate\\Routing\\Pipeline.php(53): Illuminate\\Pipeline\\Pipeline->Illuminate\\Pipeline\\{closure}(Object(Illuminate\\Http\\Request))
#33 D:\\Interview\\swiv\\laravel-react-authentication-master\\laravel-react-authentication-master\\vendor\\fideloper\\proxy\\src\\TrustProxies.php(57): Illuminate\\Routing\\Pipeline->Illuminate\\Routing\\{closure}(Object(Illuminate\\Http\\Request))
#34 D:\\Interview\\swiv\\laravel-react-authentication-master\\laravel-react-authentication-master\\vendor\\laravel\\framework\\src\\Illuminate\\Pipeline\\Pipeline.php(163): Fideloper\\Proxy\\TrustProxies->handle(Object(Illuminate\\Http\\Request), Object(Closure))
#35 D:\\Interview\\swiv\\laravel-react-authentication-master\\laravel-react-authentication-master\\vendor\\laravel\\framework\\src\\Illuminate\\Routing\\Pipeline.php(53): Illuminate\\Pipeline\\Pipeline->Illuminate\\Pipeline\\{closure}(Object(Illuminate\\Http\\Request))
#36 D:\\Interview\\swiv\\laravel-react-authentication-master\\laravel-react-authentication-master\\vendor\\laravel\\framework\\src\\Illuminate\\Pipeline\\Pipeline.php(104): Illuminate\\Routing\\Pipeline->Illuminate\\Routing\\{closure}(Object(Illuminate\\Http\\Request))
#37 D:\\Interview\\swiv\\laravel-react-authentication-master\\laravel-react-authentication-master\\vendor\\laravel\\framework\\src\\Illuminate\\Foundation\\Http\\Kernel.php(151): Illuminate\\Pipeline\\Pipeline->then(Object(Closure))
#38 D:\\Interview\\swiv\\laravel-react-authentication-master\\laravel-react-authentication-master\\vendor\\laravel\\framework\\src\\Illuminate\\Foundation\\Http\\Kernel.php(116): Illuminate\\Foundation\\Http\\Kernel->sendRequestThroughRouter(Object(Illuminate\\Http\\Request))
#39 D:\\Interview\\swiv\\laravel-react-authentication-master\\laravel-react-authentication-master\\public\\index.php(55): Illuminate\\Foundation\\Http\\Kernel->handle(Object(Illuminate\\Http\\Request))
#40 D:\\Interview\\swiv\\laravel-react-authentication-master\\laravel-react-authentication-master\\server.php(21): require_once('D:\\\\Interview\\\\sw...')
#41 {main}
"} 
[2020-10-22 06:29:36] local.ERROR: Too few arguments to function Illuminate\Support\Collection::get(), 0 passed in D:\Interview\swiv\laravel-react-authentication-master\laravel-react-authentication-master\app\Http\Controllers\SearchController.php on line 25 and at least 1 expected {"exception":"[object] (Symfony\\Component\\Debug\\Exception\\FatalThrowableError(code: 0): Too few arguments to function Illuminate\\Support\\Collection::get(), 0 passed in D:\\Interview\\swiv\\laravel-react-authentication-master\\laravel-react-authentication-master\\app\\Http\\Controllers\\SearchController.php on line 25 and at least 1 expected at D:\\Interview\\swiv\\laravel-react-authentication-master\\laravel-react-authentication-master\\vendor\\laravel\\framework\\src\\Illuminate\\Support\\Collection.php:874)
[stacktrace]
#0 D:\\Interview\\swiv\\laravel-react-authentication-master\\laravel-react-authentication-master\\app\\Http\\Controllers\\SearchController.php(25): Illuminate\\Support\\Collection->get()
#1 [internal function]: App\\Http\\Controllers\\SearchController->searchUsers(Object(Illuminate\\Http\\Request))
#2 D:\\Interview\\swiv\\laravel-react-authentication-master\\laravel-react-authentication-master\\vendor\\laravel\\framework\\src\\Illuminate\\Routing\\Controller.php(54): call_user_func_array(Array, Array)
#3 D:\\Interview\\swiv\\laravel-react-authentication-master\\laravel-react-authentication-master\\vendor\\laravel\\framework\\src\\Illuminate\\Routing\\ControllerDispatcher.php(45): Illuminate\\Routing\\Controller->callAction('searchUsers', Array)
#4 D:\\Interview\\swiv\\laravel-react-authentication-master\\laravel-react-authentication-master\\vendor\\laravel\\framework\\src\\Illuminate\\Routing\\Route.php(219): Illuminate\\Routing\\ControllerDispatcher->dispatch(Object(Illuminate\\Routing\\Route), Object(App\\Http\\Controllers\\SearchController), 'searchUsers')
#5 D:\\Interview\\swiv\\laravel-react-authentication-master\\laravel-react-authentication-master\\vendor\\laravel\\framework\\src\\Illuminate\\Routing\\Route.php(176): Illuminate\\Routing\\Route->runController()
#6 D:\\Interview\\swiv\\laravel-react-authentication-master\\laravel-react-authentication-master\\vendor\\laravel\\framework\\src\\Illuminate\\Routing\\Router.php(680): Illuminate\\Routing\\Route->run()
#7 D:\\Interview\\swiv\\laravel-react-authentication-master\\laravel-react-authentication-master\\vendor\\laravel\\framework\\src\\Illuminate\\Routing\\Pipeline.php(30): Illuminate\\Routing\\Router->Illuminate\\Routing\\{closure}(Object(Illuminate\\Http\\Request))
#8 D:\\Interview\\swiv\\laravel-react-authentication-master\\laravel-react-authentication-master\\vendor\\laravel\\framework\\src\\Illuminate\\Routing\\Middleware\\SubstituteBindings.php(41): Illuminate\\Routing\\Pipeline->Illuminate\\Routing\\{closure}(Object(Illuminate\\Http\\Request))
#9 D:\\Interview\\swiv\\laravel-react-authentication-master\\laravel-react-authentication-master\\vendor\\laravel\\framework\\src\\Illuminate\\Pipeline\\Pipeline.php(163): Illuminate\\Routing\\Middleware\\SubstituteBindings->handle(Object(Illuminate\\Http\\Request), Object(Closure))
#10 D:\\Interview\\swiv\\laravel-react-authentication-master\\laravel-react-authentication-master\\vendor\\laravel\\framework\\src\\Illuminate\\Routing\\Pipeline.php(53): Illuminate\\Pipeline\\Pipeline->Illuminate\\Pipeline\\{closure}(Object(Illuminate\\Http\\Request))
#11 D:\\Interview\\swiv\\laravel-react-authentication-master\\laravel-react-authentication-master\\vendor\\laravel\\framework\\src\\Illuminate\\Routing\\Middleware\\ThrottleRequests.php(58): Illuminate\\Routing\\Pipeline->Illuminate\\Routing\\{closure}(Object(Illuminate\\Http\\Request))
#12 D:\\Interview\\swiv\\laravel-react-authentication-master\\laravel-react-authentication-master\\vendor\\laravel\\framework\\src\\Illuminate\\Pipeline\\Pipeline.php(163): Illuminate\\Routing\\Middleware\\ThrottleRequests->handle(Object(Illuminate\\Http\\Request), Object(Closure), 60, '1')
#13 D:\\Interview\\swiv\\laravel-react-authentication-master\\laravel-react-authentication-master\\vendor\\laravel\\framework\\src\\Illuminate\\Routing\\Pipeline.php(53): Illuminate\\Pipeline\\Pipeline->Illuminate\\Pipeline\\{closure}(Object(Illuminate\\Http\\Request))
#14 D:\\Interview\\swiv\\laravel-react-authentication-master\\laravel-react-authentication-master\\vendor\\laravel\\framework\\src\\Illuminate\\Pipeline\\Pipeline.php(104): Illuminate\\Routing\\Pipeline->Illuminate\\Routing\\{closure}(Object(Illuminate\\Http\\Request))
#15 D:\\Interview\\swiv\\laravel-react-authentication-master\\laravel-react-authentication-master\\vendor\\laravel\\framework\\src\\Illuminate\\Routing\\Router.php(682): Illuminate\\Pipeline\\Pipeline->then(Object(Closure))
#16 D:\\Interview\\swiv\\laravel-react-authentication-master\\laravel-react-authentication-master\\vendor\\laravel\\framework\\src\\Illuminate\\Routing\\Router.php(657): Illuminate\\Routing\\Router->runRouteWithinStack(Object(Illuminate\\Routing\\Route), Object(Illuminate\\Http\\Request))
#17 D:\\Interview\\swiv\\laravel-react-authentication-master\\laravel-react-authentication-master\\vendor\\laravel\\framework\\src\\Illuminate\\Routing\\Router.php(623): Illuminate\\Routing\\Router->runRoute(Object(Illuminate\\Http\\Request), Object(Illuminate\\Routing\\Route))
#18 D:\\Interview\\swiv\\laravel-react-authentication-master\\laravel-react-authentication-master\\vendor\\laravel\\framework\\src\\Illuminate\\Routing\\Router.php(612): Illuminate\\Routing\\Router->dispatchToRoute(Object(Illuminate\\Http\\Request))
#19 D:\\Interview\\swiv\\laravel-react-authentication-master\\laravel-react-authentication-master\\vendor\\laravel\\framework\\src\\Illuminate\\Foundation\\Http\\Kernel.php(176): Illuminate\\Routing\\Router->dispatch(Object(Illuminate\\Http\\Request))
#20 D:\\Interview\\swiv\\laravel-react-authentication-master\\laravel-react-authentication-master\\vendor\\laravel\\framework\\src\\Illuminate\\Routing\\Pipeline.php(30): Illuminate\\Foundation\\Http\\Kernel->Illuminate\\Foundation\\Http\\{closure}(Object(Illuminate\\Http\\Request))
#21 D:\\Interview\\swiv\\laravel-react-authentication-master\\laravel-react-authentication-master\\vendor\\laravel\\framework\\src\\Illuminate\\Foundation\\Http\\Middleware\\TransformsRequest.php(21): Illuminate\\Routing\\Pipeline->Illuminate\\Routing\\{closure}(Object(Illuminate\\Http\\Request))
#22 D:\\Interview\\swiv\\laravel-react-authentication-master\\laravel-react-authentication-master\\vendor\\laravel\\framework\\src\\Illuminate\\Pipeline\\Pipeline.php(163): Illuminate\\Foundation\\Http\\Middleware\\TransformsRequest->handle(Object(Illuminate\\Http\\Request), Object(Closure))
#23 D:\\Interview\\swiv\\laravel-react-authentication-master\\laravel-react-authentication-master\\vendor\\laravel\\framework\\src\\Illuminate\\Routing\\Pipeline.php(53): Illuminate\\Pipeline\\Pipeline->Illuminate\\Pipeline\\{closure}(Object(Illuminate\\Http\\Request))
#24 D:\\Interview\\swiv\\laravel-react-authentication-master\\laravel-react-authentication-master\\vendor\\laravel\\framework\\src\\Illuminate\\Foundation\\Http\\Middleware\\TransformsRequest.php(21): Illuminate\\Routing\\Pipeline->Illuminate\\Routing\\{closure}(Object(Illuminate\\Http\\Request))
#25 D:\\Interview\\swiv\\laravel-react-authentication-master\\laravel-react-authentication-master\\vendor\\laravel\\framework\\src\\Illuminate\\Pipeline\\Pipeline.php(163): Illuminate\\Foundation\\Http\\Middleware\\TransformsRequest->handle(Object(Illuminate\\Http\\Request), Object(Closure))
#26 D:\\Interview\\swiv\\laravel-react-authentication-master\\laravel-react-authentication-master\\vendor\\laravel\\framework\\src\\Illuminate\\Routing\\Pipeline.php(53): Illuminate\\Pipeline\\Pipeline->Illuminate\\Pipeline\\{closure}(Object(Illuminate\\Http\\Request))
#27 D:\\Interview\\swiv\\laravel-react-authentication-master\\laravel-react-authentication-master\\vendor\\laravel\\framework\\src\\Illuminate\\Foundation\\Http\\Middleware\\ValidatePostSize.php(27): Illuminate\\Routing\\Pipeline->Illuminate\\Routing\\{closure}(Object(Illuminate\\Http\\Request))
#28 D:\\Interview\\swiv\\laravel-react-authentication-master\\laravel-react-authentication-master\\vendor\\laravel\\framework\\src\\Illuminate\\Pipeline\\Pipeline.php(163): Illuminate\\Foundation\\Http\\Middleware\\ValidatePostSize->handle(Object(Illuminate\\Http\\Request), Object(Closure))
#29 D:\\Interview\\swiv\\laravel-react-authentication-master\\laravel-react-authentication-master\\vendor\\laravel\\framework\\src\\Illuminate\\Routing\\Pipeline.php(53): Illuminate\\Pipeline\\Pipeline->Illuminate\\Pipeline\\{closure}(Object(Illuminate\\Http\\Request))
#30 D:\\Interview\\swiv\\laravel-react-authentication-master\\laravel-react-authentication-master\\vendor\\laravel\\framework\\src\\Illuminate\\Foundation\\Http\\Middleware\\CheckForMaintenanceMode.php(62): Illuminate\\Routing\\Pipeline->Illuminate\\Routing\\{closure}(Object(Illuminate\\Http\\Request))
#31 D:\\Interview\\swiv\\laravel-react-authentication-master\\laravel-react-authentication-master\\vendor\\laravel\\framework\\src\\Illuminate\\Pipeline\\Pipeline.php(163): Illuminate\\Foundation\\Http\\Middleware\\CheckForMaintenanceMode->handle(Object(Illuminate\\Http\\Request), Object(Closure))
#32 D:\\Interview\\swiv\\laravel-react-authentication-master\\laravel-react-authentication-master\\vendor\\laravel\\framework\\src\\Illuminate\\Routing\\Pipeline.php(53): Illuminate\\Pipeline\\Pipeline->Illuminate\\Pipeline\\{closure}(Object(Illuminate\\Http\\Request))
#33 D:\\Interview\\swiv\\laravel-react-authentication-master\\laravel-react-authentication-master\\vendor\\fideloper\\proxy\\src\\TrustProxies.php(57): Illuminate\\Routing\\Pipeline->Illuminate\\Routing\\{closure}(Object(Illuminate\\Http\\Request))
#34 D:\\Interview\\swiv\\laravel-react-authentication-master\\laravel-react-authentication-master\\vendor\\laravel\\framework\\src\\Illuminate\\Pipeline\\Pipeline.php(163): Fideloper\\Proxy\\TrustProxies->handle(Object(Illuminate\\Http\\Request), Object(Closure))
#35 D:\\Interview\\swiv\\laravel-react-authentication-master\\laravel-react-authentication-master\\vendor\\laravel\\framework\\src\\Illuminate\\Routing\\Pipeline.php(53): Illuminate\\Pipeline\\Pipeline->Illuminate\\Pipeline\\{closure}(Object(Illuminate\\Http\\Request))
#36 D:\\Interview\\swiv\\laravel-react-authentication-master\\laravel-react-authentication-master\\vendor\\laravel\\framework\\src\\Illuminate\\Pipeline\\Pipeline.php(104): Illuminate\\Routing\\Pipeline->Illuminate\\Routing\\{closure}(Object(Illuminate\\Http\\Request))
#37 D:\\Interview\\swiv\\laravel-react-authentication-master\\laravel-react-authentication-master\\vendor\\laravel\\framework\\src\\Illuminate\\Foundation\\Http\\Kernel.php(151): Illuminate\\Pipeline\\Pipeline->then(Object(Closure))
#38 D:\\Interview\\swiv\\laravel-react-authentication-master\\laravel-react-authentication-master\\vendor\\laravel\\framework\\src\\Illuminate\\Foundation\\Http\\Kernel.php(116): Illuminate\\Foundation\\Http\\Kernel->sendRequestThroughRouter(Object(Illuminate\\Http\\Request))
#39 D:\\Interview\\swiv\\laravel-react-authentication-master\\laravel-react-authentication-master\\public\\index.php(55): Illuminate\\Foundation\\Http\\Kernel->handle(Object(Illuminate\\Http\\Request))
#40 D:\\Interview\\swiv\\laravel-react-authentication-master\\laravel-react-authentication-master\\server.php(21): require_once('D:\\\\Interview\\\\sw...')
#41 {main}
"} 
