[2020-10-20 06:10:09] local.ERROR: Route [login] not defined. {"exception":"[object] (InvalidArgumentException(code: 0): Route [login] not defined. at D:\\Interview\\swiv\\laravel-react-authentication-master\\laravel-react-authentication-master\\vendor\\laravel\\framework\\src\\Illuminate\\Routing\\UrlGenerator.php:388)
[stacktrace]
#0 D:\\Interview\\swiv\\laravel-react-authentication-master\\laravel-react-authentication-master\\vendor\\laravel\\framework\\src\\Illuminate\\Foundation\\helpers.php(782): Illuminate\\Routing\\UrlGenerator->route('login', Array, true)
#1 D:\\Interview\\swiv\\laravel-react-authentication-master\\laravel-react-authentication-master\\app\\Http\\Middleware\\Authenticate.php(18): route('login')
#2 D:\\Interview\\swiv\\laravel-react-authentication-master\\laravel-react-authentication-master\\vendor\\laravel\\framework\\src\\Illuminate\\Auth\\Middleware\\Authenticate.php(68): App\\Http\\Middleware\\Authenticate->redirectTo(Object(Illuminate\\Http\\Request))
#3 D:\\Interview\\swiv\\laravel-react-authentication-master\\laravel-react-authentication-master\\vendor\\laravel\\framework\\src\\Illuminate\\Auth\\Middleware\\Authenticate.php(41): Illuminate\\Auth\\Middleware\\Authenticate->authenticate(Object(Illuminate\\Http\\Request), Array)
#4 D:\\Interview\\swiv\\laravel-react-authentication-master\\laravel-react-authentication-master\\vendor\\laravel\\framework\\src\\Illuminate\\Pipeline\\Pipeline.php(163): Illuminate\\Auth\\Middleware\\Authenticate->handle(Object(Illuminate\\Http\\Request), Object(Closure), 'api')
#5 D:\\Interview\\swiv\\laravel-react-authentication-master\\laravel-react-authentication-master\\vendor\\laravel\\framework\\src\\Illuminate\\Routing\\Pipeline.php(53): Illuminate\\Pipeline\\Pipeline->Illuminate\\Pipeline\\{closure}(Object(Illuminate\\Http\\Request))
#6 D:\\Interview\\swiv\\laravel-react-authentication-master\\laravel-react-authentication-master\\vendor\\laravel\\framework\\src\\Illuminate\\Routing\\Middleware\\ThrottleRequests.php(58): Illuminate\\Routing\\Pipeline->Illuminate\\Routing\\{closure}(Object(Illuminate\\Http\\Request))
#7 D:\\Interview\\swiv\\laravel-react-authentication-master\\laravel-react-authentication-master\\vendor\\laravel\\framework\\src\\Illuminate\\Pipeline\\Pipeline.php(163): Illuminate\\Routing\\Middleware\\ThrottleRequests->handle(Object(Illuminate\\Http\\Request), Object(Closure), 60, '1')
#8 D:\\Interview\\swiv\\laravel-react-authentication-master\\laravel-react-authentication-master\\vendor\\laravel\\framework\\src\\Illuminate\\Routing\\Pipeline.php(53): Illuminate\\Pipeline\\Pipeline->Illuminate\\Pipeline\\{closure}(Object(Illuminate\\Http\\Request))
#9 D:\\Interview\\swiv\\laravel-react-authentication-master\\laravel-react-authentication-master\\vendor\\laravel\\framework\\src\\Illuminate\\Pipeline\\Pipeline.php(104): Illuminate\\Routing\\Pipeline->Illuminate\\Routing\\{closure}(Object(Illuminate\\Http\\Request))
#10 D:\\Interview\\swiv\\laravel-react-authentication-master\\laravel-react-authentication-master\\vendor\\laravel\\framework\\src\\Illuminate\\Routing\\Router.php(682): Illuminate\\Pipeline\\Pipeline->then(Object(Closure))
#11 D:\\Interview\\swiv\\laravel-react-authentication-master\\laravel-react-authentication-master\\vendor\\laravel\\framework\\src\\Illuminate\\Routing\\Router.php(657): Illuminate\\Routing\\Router->runRouteWithinStack(Object(Illuminate\\Routing\\Route), Object(Illuminate\\Http\\Request))
#12 D:\\Interview\\swiv\\laravel-react-authentication-master\\laravel-react-authentication-master\\vendor\\laravel\\framework\\src\\Illuminate\\Routing\\Router.php(623): Illuminate\\Routing\\Router->runRoute(Object(Illuminate\\Http\\Request), Object(Illuminate\\Routing\\Route))
#13 D:\\Interview\\swiv\\laravel-react-authentication-master\\laravel-react-authentication-master\\vendor\\laravel\\framework\\src\\Illuminate\\Routing\\Router.php(612): Illuminate\\Routing\\Router->dispatchToRoute(Object(Illuminate\\Http\\Request))
#14 D:\\Interview\\swiv\\laravel-react-authentication-master\\laravel-react-authentication-master\\vendor\\laravel\\framework\\src\\Illuminate\\Foundation\\Http\\Kernel.php(176): Illuminate\\Routing\\Router->dispatch(Object(Illuminate\\Http\\Request))
#15 D:\\Interview\\swiv\\laravel-react-authentication-master\\laravel-react-authentication-master\\vendor\\laravel\\framework\\src\\Illuminate\\Routing\\Pipeline.php(30): Illuminate\\Foundation\\Http\\Kernel->Illuminate\\Foundation\\Http\\{closure}(Object(Illuminate\\Http\\Request))
#16 D:\\Interview\\swiv\\laravel-react-authentication-master\\laravel-react-authentication-master\\vendor\\laravel\\framework\\src\\Illuminate\\Foundation\\Http\\Middleware\\TransformsRequest.php(21): Illuminate\\Routing\\Pipeline->Illuminate\\Routing\\{closure}(Object(Illuminate\\Http\\Request))
#17 D:\\Interview\\swiv\\laravel-react-authentication-master\\laravel-react-authentication-master\\vendor\\laravel\\framework\\src\\Illuminate\\Pipeline\\Pipeline.php(163): Illuminate\\Foundation\\Http\\Middleware\\TransformsRequest->handle(Object(Illuminate\\Http\\Request), Object(Closure))
#18 D:\\Interview\\swiv\\laravel-react-authentication-master\\laravel-react-authentication-master\\vendor\\laravel\\framework\\src\\Illuminate\\Routing\\Pipeline.php(53): Illuminate\\Pipeline\\Pipeline->Illuminate\\Pipeline\\{closure}(Object(Illuminate\\Http\\Request))
#19 D:\\Interview\\swiv\\laravel-react-authentication-master\\laravel-react-authentication-master\\vendor\\laravel\\framework\\src\\Illuminate\\Foundation\\Http\\Middleware\\TransformsRequest.php(21): Illuminate\\Routing\\Pipeline->Illuminate\\Routing\\{closure}(Object(Illuminate\\Http\\Request))
#20 D:\\Interview\\swiv\\laravel-react-authentication-master\\laravel-react-authentication-master\\vendor\\laravel\\framework\\src\\Illuminate\\Pipeline\\Pipeline.php(163): Illuminate\\Foundation\\Http\\Middleware\\TransformsRequest->handle(Object(Illuminate\\Http\\Request), Object(Closure))
#21 D:\\Interview\\swiv\\laravel-react-authentication-master\\laravel-react-authentication-master\\vendor\\laravel\\framework\\src\\Illuminate\\Routing\\Pipeline.php(53): Illuminate\\Pipeline\\Pipeline->Illuminate\\Pipeline\\{closure}(Object(Illuminate\\Http\\Request))
#22 D:\\Interview\\swiv\\laravel-react-authentication-master\\laravel-react-authentication-master\\vendor\\laravel\\framework\\src\\Illuminate\\Foundation\\Http\\Middleware\\ValidatePostSize.php(27): Illuminate\\Routing\\Pipeline->Illuminate\\Routing\\{closure}(Object(Illuminate\\Http\\Request))
#23 D:\\Interview\\swiv\\laravel-react-authentication-master\\laravel-react-authentication-master\\vendor\\laravel\\framework\\src\\Illuminate\\Pipeline\\Pipeline.php(163): Illuminate\\Foundation\\Http\\Middleware\\ValidatePostSize->handle(Object(Illuminate\\Http\\Request), Object(Closure))
#24 D:\\Interview\\swiv\\laravel-react-authentication-master\\laravel-react-authentication-master\\vendor\\laravel\\framework\\src\\Illuminate\\Routing\\Pipeline.php(53): Illuminate\\Pipeline\\Pipeline->Illuminate\\Pipeline\\{closure}(Object(Illuminate\\Http\\Request))
#25 D:\\Interview\\swiv\\laravel-react-authentication-master\\laravel-react-authentication-master\\vendor\\laravel\\framework\\src\\Illuminate\\Foundation\\Http\\Middleware\\CheckForMaintenanceMode.php(62): Illuminate\\Routing\\Pipeline->Illuminate\\Routing\\{closure}(Object(Illuminate\\Http\\Request))
#26 D:\\Interview\\swiv\\laravel-react-authentication-master\\laravel-react-authentication-master\\vendor\\laravel\\framework\\src\\Illuminate\\Pipeline\\Pipeline.php(163): Illuminate\\Foundation\\Http\\Middleware\\CheckForMaintenanceMode->handle(Object(Illuminate\\Http\\Request), Object(Closure))
#27 D:\\Interview\\swiv\\laravel-react-authentication-master\\laravel-react-authentication-master\\vendor\\laravel\\framework\\src\\Illuminate\\Routing\\Pipeline.php(53): Illuminate\\Pipeline\\Pipeline->Illuminate\\Pipeline\\{closure}(Object(Illuminate\\Http\\Request))
#28 D:\\Interview\\swiv\\laravel-react-authentication-master\\laravel-react-authentication-master\\vendor\\fideloper\\proxy\\src\\TrustProxies.php(57): Illuminate\\Routing\\Pipeline->Illuminate\\Routing\\{closure}(Object(Illuminate\\Http\\Request))
#29 D:\\Interview\\swiv\\laravel-react-authentication-master\\laravel-react-authentication-master\\vendor\\laravel\\framework\\src\\Illuminate\\Pipeline\\Pipeline.php(163): Fideloper\\Proxy\\TrustProxies->handle(Object(Illuminate\\Http\\Request), Object(Closure))
#30 D:\\Interview\\swiv\\laravel-react-authentication-master\\laravel-react-authentication-master\\vendor\\laravel\\framework\\src\\Illuminate\\Routing\\Pipeline.php(53): Illuminate\\Pipeline\\Pipeline->Illuminate\\Pipeline\\{closure}(Object(Illuminate\\Http\\Request))
#31 D:\\Interview\\swiv\\laravel-react-authentication-master\\laravel-react-authentication-master\\vendor\\laravel\\framework\\src\\Illuminate\\Pipeline\\Pipeline.php(104): Illuminate\\Routing\\Pipeline->Illuminate\\Routing\\{closure}(Object(Illuminate\\Http\\Request))
#32 D:\\Interview\\swiv\\laravel-react-authentication-master\\laravel-react-authentication-master\\vendor\\laravel\\framework\\src\\Illuminate\\Foundation\\Http\\Kernel.php(151): Illuminate\\Pipeline\\Pipeline->then(Object(Closure))
#33 D:\\Interview\\swiv\\laravel-react-authentication-master\\laravel-react-authentication-master\\vendor\\laravel\\framework\\src\\Illuminate\\Foundation\\Http\\Kernel.php(116): Illuminate\\Foundation\\Http\\Kernel->sendRequestThroughRouter(Object(Illuminate\\Http\\Request))
#34 D:\\Interview\\swiv\\laravel-react-authentication-master\\laravel-react-authentication-master\\public\\index.php(55): Illuminate\\Foundation\\Http\\Kernel->handle(Object(Illuminate\\Http\\Request))
#35 D:\\Interview\\swiv\\laravel-react-authentication-master\\laravel-react-authentication-master\\server.php(21): require_once('D:\\\\Interview\\\\sw...')
#36 {main}
"} 
[2020-10-20 09:41:40] local.ERROR: Route [login] not defined. {"exception":"[object] (InvalidArgumentException(code: 0): Route [login] not defined. at D:\\Interview\\swiv\\laravel-react-authentication-master\\laravel-react-authentication-master\\vendor\\laravel\\framework\\src\\Illuminate\\Routing\\UrlGenerator.php:388)
[stacktrace]
#0 D:\\Interview\\swiv\\laravel-react-authentication-master\\laravel-react-authentication-master\\vendor\\laravel\\framework\\src\\Illuminate\\Foundation\\helpers.php(782): Illuminate\\Routing\\UrlGenerator->route('login', Array, true)
#1 D:\\Interview\\swiv\\laravel-react-authentication-master\\laravel-react-authentication-master\\app\\Http\\Middleware\\Authenticate.php(18): route('login')
#2 D:\\Interview\\swiv\\laravel-react-authentication-master\\laravel-react-authentication-master\\vendor\\laravel\\framework\\src\\Illuminate\\Auth\\Middleware\\Authenticate.php(68): App\\Http\\Middleware\\Authenticate->redirectTo(Object(Illuminate\\Http\\Request))
#3 D:\\Interview\\swiv\\laravel-react-authentication-master\\laravel-react-authentication-master\\vendor\\laravel\\framework\\src\\Illuminate\\Auth\\Middleware\\Authenticate.php(41): Illuminate\\Auth\\Middleware\\Authenticate->authenticate(Object(Illuminate\\Http\\Request), Array)
#4 D:\\Interview\\swiv\\laravel-react-authentication-master\\laravel-react-authentication-master\\vendor\\laravel\\framework\\src\\Illuminate\\Pipeline\\Pipeline.php(163): Illuminate\\Auth\\Middleware\\Authenticate->handle(Object(Illuminate\\Http\\Request), Object(Closure), 'api')
#5 D:\\Interview\\swiv\\laravel-react-authentication-master\\laravel-react-authentication-master\\vendor\\laravel\\framework\\src\\Illuminate\\Routing\\Pipeline.php(53): Illuminate\\Pipeline\\Pipeline->Illuminate\\Pipeline\\{closure}(Object(Illuminate\\Http\\Request))
#6 D:\\Interview\\swiv\\laravel-react-authentication-master\\laravel-react-authentication-master\\vendor\\laravel\\framework\\src\\Illuminate\\Routing\\Middleware\\ThrottleRequests.php(58): Illuminate\\Routing\\Pipeline->Illuminate\\Routing\\{closure}(Object(Illuminate\\Http\\Request))
#7 D:\\Interview\\swiv\\laravel-react-authentication-master\\laravel-react-authentication-master\\vendor\\laravel\\framework\\src\\Illuminate\\Pipeline\\Pipeline.php(163): Illuminate\\Routing\\Middleware\\ThrottleRequests->handle(Object(Illuminate\\Http\\Request), Object(Closure), 60, '1')
#8 D:\\Interview\\swiv\\laravel-react-authentication-master\\laravel-react-authentication-master\\vendor\\laravel\\framework\\src\\Illuminate\\Routing\\Pipeline.php(53): Illuminate\\Pipeline\\Pipeline->Illuminate\\Pipeline\\{closure}(Object(Illuminate\\Http\\Request))
#9 D:\\Interview\\swiv\\laravel-react-authentication-master\\laravel-react-authentication-master\\vendor\\laravel\\framework\\src\\Illuminate\\Pipeline\\Pipeline.php(104): Illuminate\\Routing\\Pipeline->Illuminate\\Routing\\{closure}(Object(Illuminate\\Http\\Request))
#10 D:\\Interview\\swiv\\laravel-react-authentication-master\\laravel-react-authentication-master\\vendor\\laravel\\framework\\src\\Illuminate\\Routing\\Router.php(682): Illuminate\\Pipeline\\Pipeline->then(Object(Closure))
#11 D:\\Interview\\swiv\\laravel-react-authentication-master\\laravel-react-authentication-master\\vendor\\laravel\\framework\\src\\Illuminate\\Routing\\Router.php(657): Illuminate\\Routing\\Router->runRouteWithinStack(Object(Illuminate\\Routing\\Route), Object(Illuminate\\Http\\Request))
#12 D:\\Interview\\swiv\\laravel-react-authentication-master\\laravel-react-authentication-master\\vendor\\laravel\\framework\\src\\Illuminate\\Routing\\Router.php(623): Illuminate\\Routing\\Router->runRoute(Object(Illuminate\\Http\\Request), Object(Illuminate\\Routing\\Route))
#13 D:\\Interview\\swiv\\laravel-react-authentication-master\\laravel-react-authentication-master\\vendor\\laravel\\framework\\src\\Illuminate\\Routing\\Router.php(612): Illuminate\\Routing\\Router->dispatchToRoute(Object(Illuminate\\Http\\Request))
#14 D:\\Interview\\swiv\\laravel-react-authentication-master\\laravel-react-authentication-master\\vendor\\laravel\\framework\\src\\Illuminate\\Foundation\\Http\\Kernel.php(176): Illuminate\\Routing\\Router->dispatch(Object(Illuminate\\Http\\Request))
#15 D:\\Interview\\swiv\\laravel-react-authentication-master\\laravel-react-authentication-master\\vendor\\laravel\\framework\\src\\Illuminate\\Routing\\Pipeline.php(30): Illuminate\\Foundation\\Http\\Kernel->Illuminate\\Foundation\\Http\\{closure}(Object(Illuminate\\Http\\Request))
#16 D:\\Interview\\swiv\\laravel-react-authentication-master\\laravel-react-authentication-master\\vendor\\laravel\\framework\\src\\Illuminate\\Foundation\\Http\\Middleware\\TransformsRequest.php(21): Illuminate\\Routing\\Pipeline->Illuminate\\Routing\\{closure}(Object(Illuminate\\Http\\Request))
#17 D:\\Interview\\swiv\\laravel-react-authentication-master\\laravel-react-authentication-master\\vendor\\laravel\\framework\\src\\Illuminate\\Pipeline\\Pipeline.php(163): Illuminate\\Foundation\\Http\\Middleware\\TransformsRequest->handle(Object(Illuminate\\Http\\Request), Object(Closure))
#18 D:\\Interview\\swiv\\laravel-react-authentication-master\\laravel-react-authentication-master\\vendor\\laravel\\framework\\src\\Illuminate\\Routing\\Pipeline.php(53): Illuminate\\Pipeline\\Pipeline->Illuminate\\Pipeline\\{closure}(Object(Illuminate\\Http\\Request))
#19 D:\\Interview\\swiv\\laravel-react-authentication-master\\laravel-react-authentication-master\\vendor\\laravel\\framework\\src\\Illuminate\\Foundation\\Http\\Middleware\\TransformsRequest.php(21): Illuminate\\Routing\\Pipeline->Illuminate\\Routing\\{closure}(Object(Illuminate\\Http\\Request))
#20 D:\\Interview\\swiv\\laravel-react-authentication-master\\laravel-react-authentication-master\\vendor\\laravel\\framework\\src\\Illuminate\\Pipeline\\Pipeline.php(163): Illuminate\\Foundation\\Http\\Middleware\\TransformsRequest->handle(Object(Illuminate\\Http\\Request), Object(Closure))
#21 D:\\Interview\\swiv\\laravel-react-authentication-master\\laravel-react-authentication-master\\vendor\\laravel\\framework\\src\\Illuminate\\Routing\\Pipeline.php(53): Illuminate\\Pipeline\\Pipeline->Illuminate\\Pipeline\\{closure}(Object(Illuminate\\Http\\Request))
#22 D:\\Interview\\swiv\\laravel-react-authentication-master\\laravel-react-authentication-master\\vendor\\laravel\\framework\\src\\Illuminate\\Foundation\\Http\\Middleware\\ValidatePostSize.php(27): Illuminate\\Routing\\Pipeline->Illuminate\\Routing\\{closure}(Object(Illuminate\\Http\\Request))
#23 D:\\Interview\\swiv\\laravel-react-authentication-master\\laravel-react-authentication-master\\vendor\\laravel\\framework\\src\\Illuminate\\Pipeline\\Pipeline.php(163): Illuminate\\Foundation\\Http\\Middleware\\ValidatePostSize->handle(Object(Illuminate\\Http\\Request), Object(Closure))
#24 D:\\Interview\\swiv\\laravel-react-authentication-master\\laravel-react-authentication-master\\vendor\\laravel\\framework\\src\\Illuminate\\Routing\\Pipeline.php(53): Illuminate\\Pipeline\\Pipeline->Illuminate\\Pipeline\\{closure}(Object(Illuminate\\Http\\Request))
#25 D:\\Interview\\swiv\\laravel-react-authentication-master\\laravel-react-authentication-master\\vendor\\laravel\\framework\\src\\Illuminate\\Foundation\\Http\\Middleware\\CheckForMaintenanceMode.php(62): Illuminate\\Routing\\Pipeline->Illuminate\\Routing\\{closure}(Object(Illuminate\\Http\\Request))
#26 D:\\Interview\\swiv\\laravel-react-authentication-master\\laravel-react-authentication-master\\vendor\\laravel\\framework\\src\\Illuminate\\Pipeline\\Pipeline.php(163): Illuminate\\Foundation\\Http\\Middleware\\CheckForMaintenanceMode->handle(Object(Illuminate\\Http\\Request), Object(Closure))
#27 D:\\Interview\\swiv\\laravel-react-authentication-master\\laravel-react-authentication-master\\vendor\\laravel\\framework\\src\\Illuminate\\Routing\\Pipeline.php(53): Illuminate\\Pipeline\\Pipeline->Illuminate\\Pipeline\\{closure}(Object(Illuminate\\Http\\Request))
#28 D:\\Interview\\swiv\\laravel-react-authentication-master\\laravel-react-authentication-master\\vendor\\fideloper\\proxy\\src\\TrustProxies.php(57): Illuminate\\Routing\\Pipeline->Illuminate\\Routing\\{closure}(Object(Illuminate\\Http\\Request))
#29 D:\\Interview\\swiv\\laravel-react-authentication-master\\laravel-react-authentication-master\\vendor\\laravel\\framework\\src\\Illuminate\\Pipeline\\Pipeline.php(163): Fideloper\\Proxy\\TrustProxies->handle(Object(Illuminate\\Http\\Request), Object(Closure))
#30 D:\\Interview\\swiv\\laravel-react-authentication-master\\laravel-react-authentication-master\\vendor\\laravel\\framework\\src\\Illuminate\\Routing\\Pipeline.php(53): Illuminate\\Pipeline\\Pipeline->Illuminate\\Pipeline\\{closure}(Object(Illuminate\\Http\\Request))
#31 D:\\Interview\\swiv\\laravel-react-authentication-master\\laravel-react-authentication-master\\vendor\\laravel\\framework\\src\\Illuminate\\Pipeline\\Pipeline.php(104): Illuminate\\Routing\\Pipeline->Illuminate\\Routing\\{closure}(Object(Illuminate\\Http\\Request))
#32 D:\\Interview\\swiv\\laravel-react-authentication-master\\laravel-react-authentication-master\\vendor\\laravel\\framework\\src\\Illuminate\\Foundation\\Http\\Kernel.php(151): Illuminate\\Pipeline\\Pipeline->then(Object(Closure))
#33 D:\\Interview\\swiv\\laravel-react-authentication-master\\laravel-react-authentication-master\\vendor\\laravel\\framework\\src\\Illuminate\\Foundation\\Http\\Kernel.php(116): Illuminate\\Foundation\\Http\\Kernel->sendRequestThroughRouter(Object(Illuminate\\Http\\Request))
#34 D:\\Interview\\swiv\\laravel-react-authentication-master\\laravel-react-authentication-master\\public\\index.php(55): Illuminate\\Foundation\\Http\\Kernel->handle(Object(Illuminate\\Http\\Request))
#35 D:\\Interview\\swiv\\laravel-react-authentication-master\\laravel-react-authentication-master\\server.php(21): require_once('D:\\\\Interview\\\\sw...')
#36 {main}
"} 
[2020-10-20 09:42:21] local.ERROR: Route [login] not defined. {"exception":"[object] (InvalidArgumentException(code: 0): Route [login] not defined. at D:\\Interview\\swiv\\laravel-react-authentication-master\\laravel-react-authentication-master\\vendor\\laravel\\framework\\src\\Illuminate\\Routing\\UrlGenerator.php:388)
[stacktrace]
#0 D:\\Interview\\swiv\\laravel-react-authentication-master\\laravel-react-authentication-master\\vendor\\laravel\\framework\\src\\Illuminate\\Foundation\\helpers.php(782): Illuminate\\Routing\\UrlGenerator->route('login', Array, true)
#1 D:\\Interview\\swiv\\laravel-react-authentication-master\\laravel-react-authentication-master\\app\\Http\\Middleware\\Authenticate.php(18): route('login')
#2 D:\\Interview\\swiv\\laravel-react-authentication-master\\laravel-react-authentication-master\\vendor\\laravel\\framework\\src\\Illuminate\\Auth\\Middleware\\Authenticate.php(68): App\\Http\\Middleware\\Authenticate->redirectTo(Object(Illuminate\\Http\\Request))
#3 D:\\Interview\\swiv\\laravel-react-authentication-master\\laravel-react-authentication-master\\vendor\\laravel\\framework\\src\\Illuminate\\Auth\\Middleware\\Authenticate.php(41): Illuminate\\Auth\\Middleware\\Authenticate->authenticate(Object(Illuminate\\Http\\Request), Array)
#4 D:\\Interview\\swiv\\laravel-react-authentication-master\\laravel-react-authentication-master\\vendor\\laravel\\framework\\src\\Illuminate\\Pipeline\\Pipeline.php(163): Illuminate\\Auth\\Middleware\\Authenticate->handle(Object(Illuminate\\Http\\Request), Object(Closure), 'api')
#5 D:\\Interview\\swiv\\laravel-react-authentication-master\\laravel-react-authentication-master\\vendor\\laravel\\framework\\src\\Illuminate\\Routing\\Pipeline.php(53): Illuminate\\Pipeline\\Pipeline->Illuminate\\Pipeline\\{closure}(Object(Illuminate\\Http\\Request))
#6 D:\\Interview\\swiv\\laravel-react-authentication-master\\laravel-react-authentication-master\\vendor\\laravel\\framework\\src\\Illuminate\\Routing\\Middleware\\ThrottleRequests.php(58): Illuminate\\Routing\\Pipeline->Illuminate\\Routing\\{closure}(Object(Illuminate\\Http\\Request))
#7 D:\\Interview\\swiv\\laravel-react-authentication-master\\laravel-react-authentication-master\\vendor\\laravel\\framework\\src\\Illuminate\\Pipeline\\Pipeline.php(163): Illuminate\\Routing\\Middleware\\ThrottleRequests->handle(Object(Illuminate\\Http\\Request), Object(Closure), 60, '1')
#8 D:\\Interview\\swiv\\laravel-react-authentication-master\\laravel-react-authentication-master\\vendor\\laravel\\framework\\src\\Illuminate\\Routing\\Pipeline.php(53): Illuminate\\Pipeline\\Pipeline->Illuminate\\Pipeline\\{closure}(Object(Illuminate\\Http\\Request))
#9 D:\\Interview\\swiv\\laravel-react-authentication-master\\laravel-react-authentication-master\\vendor\\laravel\\framework\\src\\Illuminate\\Pipeline\\Pipeline.php(104): Illuminate\\Routing\\Pipeline->Illuminate\\Routing\\{closure}(Object(Illuminate\\Http\\Request))
#10 D:\\Interview\\swiv\\laravel-react-authentication-master\\laravel-react-authentication-master\\vendor\\laravel\\framework\\src\\Illuminate\\Routing\\Router.php(682): Illuminate\\Pipeline\\Pipeline->then(Object(Closure))
#11 D:\\Interview\\swiv\\laravel-react-authentication-master\\laravel-react-authentication-master\\vendor\\laravel\\framework\\src\\Illuminate\\Routing\\Router.php(657): Illuminate\\Routing\\Router->runRouteWithinStack(Object(Illuminate\\Routing\\Route), Object(Illuminate\\Http\\Request))
#12 D:\\Interview\\swiv\\laravel-react-authentication-master\\laravel-react-authentication-master\\vendor\\laravel\\framework\\src\\Illuminate\\Routing\\Router.php(623): Illuminate\\Routing\\Router->runRoute(Object(Illuminate\\Http\\Request), Object(Illuminate\\Routing\\Route))
#13 D:\\Interview\\swiv\\laravel-react-authentication-master\\laravel-react-authentication-master\\vendor\\laravel\\framework\\src\\Illuminate\\Routing\\Router.php(612): Illuminate\\Routing\\Router->dispatchToRoute(Object(Illuminate\\Http\\Request))
#14 D:\\Interview\\swiv\\laravel-react-authentication-master\\laravel-react-authentication-master\\vendor\\laravel\\framework\\src\\Illuminate\\Foundation\\Http\\Kernel.php(176): Illuminate\\Routing\\Router->dispatch(Object(Illuminate\\Http\\Request))
#15 D:\\Interview\\swiv\\laravel-react-authentication-master\\laravel-react-authentication-master\\vendor\\laravel\\framework\\src\\Illuminate\\Routing\\Pipeline.php(30): Illuminate\\Foundation\\Http\\Kernel->Illuminate\\Foundation\\Http\\{closure}(Object(Illuminate\\Http\\Request))
#16 D:\\Interview\\swiv\\laravel-react-authentication-master\\laravel-react-authentication-master\\vendor\\laravel\\framework\\src\\Illuminate\\Foundation\\Http\\Middleware\\TransformsRequest.php(21): Illuminate\\Routing\\Pipeline->Illuminate\\Routing\\{closure}(Object(Illuminate\\Http\\Request))
#17 D:\\Interview\\swiv\\laravel-react-authentication-master\\laravel-react-authentication-master\\vendor\\laravel\\framework\\src\\Illuminate\\Pipeline\\Pipeline.php(163): Illuminate\\Foundation\\Http\\Middleware\\TransformsRequest->handle(Object(Illuminate\\Http\\Request), Object(Closure))
#18 D:\\Interview\\swiv\\laravel-react-authentication-master\\laravel-react-authentication-master\\vendor\\laravel\\framework\\src\\Illuminate\\Routing\\Pipeline.php(53): Illuminate\\Pipeline\\Pipeline->Illuminate\\Pipeline\\{closure}(Object(Illuminate\\Http\\Request))
#19 D:\\Interview\\swiv\\laravel-react-authentication-master\\laravel-react-authentication-master\\vendor\\laravel\\framework\\src\\Illuminate\\Foundation\\Http\\Middleware\\TransformsRequest.php(21): Illuminate\\Routing\\Pipeline->Illuminate\\Routing\\{closure}(Object(Illuminate\\Http\\Request))
#20 D:\\Interview\\swiv\\laravel-react-authentication-master\\laravel-react-authentication-master\\vendor\\laravel\\framework\\src\\Illuminate\\Pipeline\\Pipeline.php(163): Illuminate\\Foundation\\Http\\Middleware\\TransformsRequest->handle(Object(Illuminate\\Http\\Request), Object(Closure))
#21 D:\\Interview\\swiv\\laravel-react-authentication-master\\laravel-react-authentication-master\\vendor\\laravel\\framework\\src\\Illuminate\\Routing\\Pipeline.php(53): Illuminate\\Pipeline\\Pipeline->Illuminate\\Pipeline\\{closure}(Object(Illuminate\\Http\\Request))
#22 D:\\Interview\\swiv\\laravel-react-authentication-master\\laravel-react-authentication-master\\vendor\\laravel\\framework\\src\\Illuminate\\Foundation\\Http\\Middleware\\ValidatePostSize.php(27): Illuminate\\Routing\\Pipeline->Illuminate\\Routing\\{closure}(Object(Illuminate\\Http\\Request))
#23 D:\\Interview\\swiv\\laravel-react-authentication-master\\laravel-react-authentication-master\\vendor\\laravel\\framework\\src\\Illuminate\\Pipeline\\Pipeline.php(163): Illuminate\\Foundation\\Http\\Middleware\\ValidatePostSize->handle(Object(Illuminate\\Http\\Request), Object(Closure))
#24 D:\\Interview\\swiv\\laravel-react-authentication-master\\laravel-react-authentication-master\\vendor\\laravel\\framework\\src\\Illuminate\\Routing\\Pipeline.php(53): Illuminate\\Pipeline\\Pipeline->Illuminate\\Pipeline\\{closure}(Object(Illuminate\\Http\\Request))
#25 D:\\Interview\\swiv\\laravel-react-authentication-master\\laravel-react-authentication-master\\vendor\\laravel\\framework\\src\\Illuminate\\Foundation\\Http\\Middleware\\CheckForMaintenanceMode.php(62): Illuminate\\Routing\\Pipeline->Illuminate\\Routing\\{closure}(Object(Illuminate\\Http\\Request))
#26 D:\\Interview\\swiv\\laravel-react-authentication-master\\laravel-react-authentication-master\\vendor\\laravel\\framework\\src\\Illuminate\\Pipeline\\Pipeline.php(163): Illuminate\\Foundation\\Http\\Middleware\\CheckForMaintenanceMode->handle(Object(Illuminate\\Http\\Request), Object(Closure))
#27 D:\\Interview\\swiv\\laravel-react-authentication-master\\laravel-react-authentication-master\\vendor\\laravel\\framework\\src\\Illuminate\\Routing\\Pipeline.php(53): Illuminate\\Pipeline\\Pipeline->Illuminate\\Pipeline\\{closure}(Object(Illuminate\\Http\\Request))
#28 D:\\Interview\\swiv\\laravel-react-authentication-master\\laravel-react-authentication-master\\vendor\\fideloper\\proxy\\src\\TrustProxies.php(57): Illuminate\\Routing\\Pipeline->Illuminate\\Routing\\{closure}(Object(Illuminate\\Http\\Request))
#29 D:\\Interview\\swiv\\laravel-react-authentication-master\\laravel-react-authentication-master\\vendor\\laravel\\framework\\src\\Illuminate\\Pipeline\\Pipeline.php(163): Fideloper\\Proxy\\TrustProxies->handle(Object(Illuminate\\Http\\Request), Object(Closure))
#30 D:\\Interview\\swiv\\laravel-react-authentication-master\\laravel-react-authentication-master\\vendor\\laravel\\framework\\src\\Illuminate\\Routing\\Pipeline.php(53): Illuminate\\Pipeline\\Pipeline->Illuminate\\Pipeline\\{closure}(Object(Illuminate\\Http\\Request))
#31 D:\\Interview\\swiv\\laravel-react-authentication-master\\laravel-react-authentication-master\\vendor\\laravel\\framework\\src\\Illuminate\\Pipeline\\Pipeline.php(104): Illuminate\\Routing\\Pipeline->Illuminate\\Routing\\{closure}(Object(Illuminate\\Http\\Request))
#32 D:\\Interview\\swiv\\laravel-react-authentication-master\\laravel-react-authentication-master\\vendor\\laravel\\framework\\src\\Illuminate\\Foundation\\Http\\Kernel.php(151): Illuminate\\Pipeline\\Pipeline->then(Object(Closure))
#33 D:\\Interview\\swiv\\laravel-react-authentication-master\\laravel-react-authentication-master\\vendor\\laravel\\framework\\src\\Illuminate\\Foundation\\Http\\Kernel.php(116): Illuminate\\Foundation\\Http\\Kernel->sendRequestThroughRouter(Object(Illuminate\\Http\\Request))
#34 D:\\Interview\\swiv\\laravel-react-authentication-master\\laravel-react-authentication-master\\public\\index.php(55): Illuminate\\Foundation\\Http\\Kernel->handle(Object(Illuminate\\Http\\Request))
#35 D:\\Interview\\swiv\\laravel-react-authentication-master\\laravel-react-authentication-master\\server.php(21): require_once('D:\\\\Interview\\\\sw...')
#36 {main}
"} 
[2020-10-20 09:45:33] local.ERROR: Route [login] not defined. {"exception":"[object] (InvalidArgumentException(code: 0): Route [login] not defined. at D:\\Interview\\swiv\\laravel-react-authentication-master\\laravel-react-authentication-master\\vendor\\laravel\\framework\\src\\Illuminate\\Routing\\UrlGenerator.php:388)
[stacktrace]
#0 D:\\Interview\\swiv\\laravel-react-authentication-master\\laravel-react-authentication-master\\vendor\\laravel\\framework\\src\\Illuminate\\Foundation\\helpers.php(782): Illuminate\\Routing\\UrlGenerator->route('login', Array, true)
#1 D:\\Interview\\swiv\\laravel-react-authentication-master\\laravel-react-authentication-master\\app\\Http\\Middleware\\Authenticate.php(18): route('login')
#2 D:\\Interview\\swiv\\laravel-react-authentication-master\\laravel-react-authentication-master\\vendor\\laravel\\framework\\src\\Illuminate\\Auth\\Middleware\\Authenticate.php(68): App\\Http\\Middleware\\Authenticate->redirectTo(Object(Illuminate\\Http\\Request))
#3 D:\\Interview\\swiv\\laravel-react-authentication-master\\laravel-react-authentication-master\\vendor\\laravel\\framework\\src\\Illuminate\\Auth\\Middleware\\Authenticate.php(41): Illuminate\\Auth\\Middleware\\Authenticate->authenticate(Object(Illuminate\\Http\\Request), Array)
#4 D:\\Interview\\swiv\\laravel-react-authentication-master\\laravel-react-authentication-master\\vendor\\laravel\\framework\\src\\Illuminate\\Pipeline\\Pipeline.php(163): Illuminate\\Auth\\Middleware\\Authenticate->handle(Object(Illuminate\\Http\\Request), Object(Closure), 'api')
#5 D:\\Interview\\swiv\\laravel-react-authentication-master\\laravel-react-authentication-master\\vendor\\laravel\\framework\\src\\Illuminate\\Routing\\Pipeline.php(53): Illuminate\\Pipeline\\Pipeline->Illuminate\\Pipeline\\{closure}(Object(Illuminate\\Http\\Request))
#6 D:\\Interview\\swiv\\laravel-react-authentication-master\\laravel-react-authentication-master\\vendor\\laravel\\framework\\src\\Illuminate\\Routing\\Middleware\\ThrottleRequests.php(58): Illuminate\\Routing\\Pipeline->Illuminate\\Routing\\{closure}(Object(Illuminate\\Http\\Request))
#7 D:\\Interview\\swiv\\laravel-react-authentication-master\\laravel-react-authentication-master\\vendor\\laravel\\framework\\src\\Illuminate\\Pipeline\\Pipeline.php(163): Illuminate\\Routing\\Middleware\\ThrottleRequests->handle(Object(Illuminate\\Http\\Request), Object(Closure), 60, '1')
#8 D:\\Interview\\swiv\\laravel-react-authentication-master\\laravel-react-authentication-master\\vendor\\laravel\\framework\\src\\Illuminate\\Routing\\Pipeline.php(53): Illuminate\\Pipeline\\Pipeline->Illuminate\\Pipeline\\{closure}(Object(Illuminate\\Http\\Request))
#9 D:\\Interview\\swiv\\laravel-react-authentication-master\\laravel-react-authentication-master\\vendor\\laravel\\framework\\src\\Illuminate\\Pipeline\\Pipeline.php(104): Illuminate\\Routing\\Pipeline->Illuminate\\Routing\\{closure}(Object(Illuminate\\Http\\Request))
#10 D:\\Interview\\swiv\\laravel-react-authentication-master\\laravel-react-authentication-master\\vendor\\laravel\\framework\\src\\Illuminate\\Routing\\Router.php(682): Illuminate\\Pipeline\\Pipeline->then(Object(Closure))
#11 D:\\Interview\\swiv\\laravel-react-authentication-master\\laravel-react-authentication-master\\vendor\\laravel\\framework\\src\\Illuminate\\Routing\\Router.php(657): Illuminate\\Routing\\Router->runRouteWithinStack(Object(Illuminate\\Routing\\Route), Object(Illuminate\\Http\\Request))
#12 D:\\Interview\\swiv\\laravel-react-authentication-master\\laravel-react-authentication-master\\vendor\\laravel\\framework\\src\\Illuminate\\Routing\\Router.php(623): Illuminate\\Routing\\Router->runRoute(Object(Illuminate\\Http\\Request), Object(Illuminate\\Routing\\Route))
#13 D:\\Interview\\swiv\\laravel-react-authentication-master\\laravel-react-authentication-master\\vendor\\laravel\\framework\\src\\Illuminate\\Routing\\Router.php(612): Illuminate\\Routing\\Router->dispatchToRoute(Object(Illuminate\\Http\\Request))
#14 D:\\Interview\\swiv\\laravel-react-authentication-master\\laravel-react-authentication-master\\vendor\\laravel\\framework\\src\\Illuminate\\Foundation\\Http\\Kernel.php(176): Illuminate\\Routing\\Router->dispatch(Object(Illuminate\\Http\\Request))
#15 D:\\Interview\\swiv\\laravel-react-authentication-master\\laravel-react-authentication-master\\vendor\\laravel\\framework\\src\\Illuminate\\Routing\\Pipeline.php(30): Illuminate\\Foundation\\Http\\Kernel->Illuminate\\Foundation\\Http\\{closure}(Object(Illuminate\\Http\\Request))
#16 D:\\Interview\\swiv\\laravel-react-authentication-master\\laravel-react-authentication-master\\vendor\\laravel\\framework\\src\\Illuminate\\Foundation\\Http\\Middleware\\TransformsRequest.php(21): Illuminate\\Routing\\Pipeline->Illuminate\\Routing\\{closure}(Object(Illuminate\\Http\\Request))
#17 D:\\Interview\\swiv\\laravel-react-authentication-master\\laravel-react-authentication-master\\vendor\\laravel\\framework\\src\\Illuminate\\Pipeline\\Pipeline.php(163): Illuminate\\Foundation\\Http\\Middleware\\TransformsRequest->handle(Object(Illuminate\\Http\\Request), Object(Closure))
#18 D:\\Interview\\swiv\\laravel-react-authentication-master\\laravel-react-authentication-master\\vendor\\laravel\\framework\\src\\Illuminate\\Routing\\Pipeline.php(53): Illuminate\\Pipeline\\Pipeline->Illuminate\\Pipeline\\{closure}(Object(Illuminate\\Http\\Request))
#19 D:\\Interview\\swiv\\laravel-react-authentication-master\\laravel-react-authentication-master\\vendor\\laravel\\framework\\src\\Illuminate\\Foundation\\Http\\Middleware\\TransformsRequest.php(21): Illuminate\\Routing\\Pipeline->Illuminate\\Routing\\{closure}(Object(Illuminate\\Http\\Request))
#20 D:\\Interview\\swiv\\laravel-react-authentication-master\\laravel-react-authentication-master\\vendor\\laravel\\framework\\src\\Illuminate\\Pipeline\\Pipeline.php(163): Illuminate\\Foundation\\Http\\Middleware\\TransformsRequest->handle(Object(Illuminate\\Http\\Request), Object(Closure))
#21 D:\\Interview\\swiv\\laravel-react-authentication-master\\laravel-react-authentication-master\\vendor\\laravel\\framework\\src\\Illuminate\\Routing\\Pipeline.php(53): Illuminate\\Pipeline\\Pipeline->Illuminate\\Pipeline\\{closure}(Object(Illuminate\\Http\\Request))
#22 D:\\Interview\\swiv\\laravel-react-authentication-master\\laravel-react-authentication-master\\vendor\\laravel\\framework\\src\\Illuminate\\Foundation\\Http\\Middleware\\ValidatePostSize.php(27): Illuminate\\Routing\\Pipeline->Illuminate\\Routing\\{closure}(Object(Illuminate\\Http\\Request))
#23 D:\\Interview\\swiv\\laravel-react-authentication-master\\laravel-react-authentication-master\\vendor\\laravel\\framework\\src\\Illuminate\\Pipeline\\Pipeline.php(163): Illuminate\\Foundation\\Http\\Middleware\\ValidatePostSize->handle(Object(Illuminate\\Http\\Request), Object(Closure))
#24 D:\\Interview\\swiv\\laravel-react-authentication-master\\laravel-react-authentication-master\\vendor\\laravel\\framework\\src\\Illuminate\\Routing\\Pipeline.php(53): Illuminate\\Pipeline\\Pipeline->Illuminate\\Pipeline\\{closure}(Object(Illuminate\\Http\\Request))
#25 D:\\Interview\\swiv\\laravel-react-authentication-master\\laravel-react-authentication-master\\vendor\\laravel\\framework\\src\\Illuminate\\Foundation\\Http\\Middleware\\CheckForMaintenanceMode.php(62): Illuminate\\Routing\\Pipeline->Illuminate\\Routing\\{closure}(Object(Illuminate\\Http\\Request))
#26 D:\\Interview\\swiv\\laravel-react-authentication-master\\laravel-react-authentication-master\\vendor\\laravel\\framework\\src\\Illuminate\\Pipeline\\Pipeline.php(163): Illuminate\\Foundation\\Http\\Middleware\\CheckForMaintenanceMode->handle(Object(Illuminate\\Http\\Request), Object(Closure))
#27 D:\\Interview\\swiv\\laravel-react-authentication-master\\laravel-react-authentication-master\\vendor\\laravel\\framework\\src\\Illuminate\\Routing\\Pipeline.php(53): Illuminate\\Pipeline\\Pipeline->Illuminate\\Pipeline\\{closure}(Object(Illuminate\\Http\\Request))
#28 D:\\Interview\\swiv\\laravel-react-authentication-master\\laravel-react-authentication-master\\vendor\\fideloper\\proxy\\src\\TrustProxies.php(57): Illuminate\\Routing\\Pipeline->Illuminate\\Routing\\{closure}(Object(Illuminate\\Http\\Request))
#29 D:\\Interview\\swiv\\laravel-react-authentication-master\\laravel-react-authentication-master\\vendor\\laravel\\framework\\src\\Illuminate\\Pipeline\\Pipeline.php(163): Fideloper\\Proxy\\TrustProxies->handle(Object(Illuminate\\Http\\Request), Object(Closure))
#30 D:\\Interview\\swiv\\laravel-react-authentication-master\\laravel-react-authentication-master\\vendor\\laravel\\framework\\src\\Illuminate\\Routing\\Pipeline.php(53): Illuminate\\Pipeline\\Pipeline->Illuminate\\Pipeline\\{closure}(Object(Illuminate\\Http\\Request))
#31 D:\\Interview\\swiv\\laravel-react-authentication-master\\laravel-react-authentication-master\\vendor\\laravel\\framework\\src\\Illuminate\\Pipeline\\Pipeline.php(104): Illuminate\\Routing\\Pipeline->Illuminate\\Routing\\{closure}(Object(Illuminate\\Http\\Request))
#32 D:\\Interview\\swiv\\laravel-react-authentication-master\\laravel-react-authentication-master\\vendor\\laravel\\framework\\src\\Illuminate\\Foundation\\Http\\Kernel.php(151): Illuminate\\Pipeline\\Pipeline->then(Object(Closure))
#33 D:\\Interview\\swiv\\laravel-react-authentication-master\\laravel-react-authentication-master\\vendor\\laravel\\framework\\src\\Illuminate\\Foundation\\Http\\Kernel.php(116): Illuminate\\Foundation\\Http\\Kernel->sendRequestThroughRouter(Object(Illuminate\\Http\\Request))
#34 D:\\Interview\\swiv\\laravel-react-authentication-master\\laravel-react-authentication-master\\public\\index.php(55): Illuminate\\Foundation\\Http\\Kernel->handle(Object(Illuminate\\Http\\Request))
#35 D:\\Interview\\swiv\\laravel-react-authentication-master\\laravel-react-authentication-master\\server.php(21): require_once('D:\\\\Interview\\\\sw...')
#36 {main}
"} 
